0 info it worked if it ends with ok
1 verbose cli [ '/usr/bin/node', '/usr/bin/npm', 'install', '-g', 'n' ]
2 info using npm@1.4.28
3 info using node@v0.10.37
4 verbose node symlink /usr/bin/node
5 verbose cache add [ 'n', null ]
6 verbose cache add name=undefined spec="n" args=["n",null]
7 verbose parsed url { protocol: null,
7 verbose parsed url   slashes: null,
7 verbose parsed url   auth: null,
7 verbose parsed url   host: null,
7 verbose parsed url   port: null,
7 verbose parsed url   hostname: null,
7 verbose parsed url   hash: null,
7 verbose parsed url   search: null,
7 verbose parsed url   query: null,
7 verbose parsed url   pathname: 'n',
7 verbose parsed url   path: 'n',
7 verbose parsed url   href: 'n' }
8 silly lockFile d1854cae-n n
9 verbose lock n /home/calvinzheng/.npm/d1854cae-n.lock
10 silly lockFile d1854cae-n n
11 silly lockFile d1854cae-n n
12 verbose addNamed [ 'n', '' ]
13 verbose addNamed [ null, '*' ]
14 silly lockFile 6b58d7dc-n n@
15 verbose lock n@ /home/calvinzheng/.npm/6b58d7dc-n.lock
16 silly addNameRange { name: 'n', range: '*', hasData: false }
17 verbose request where is /n
18 verbose request registry https://registry.npmjs.org/
19 verbose request id 85bad537e0735c54
20 verbose url raw /n
21 verbose url resolving [ 'https://registry.npmjs.org/', './n' ]
22 verbose url resolved https://registry.npmjs.org/n
23 verbose request where is https://registry.npmjs.org/n
24 info trying registry request attempt 1 at 12:40:12
25 http GET https://registry.npmjs.org/n
26 http 200 https://registry.npmjs.org/n
27 silly registry.get cb [ 200,
27 silly registry.get   { server: 'CouchDB/1.5.0 (Erlang OTP/R16B03)',
27 silly registry.get     etag: '"9WWQ3LP2FCGY6G4ZBEB6U38Y3"',
27 silly registry.get     'content-type': 'application/json',
27 silly registry.get     'cache-control': 'max-age=60',
27 silly registry.get     'content-length': '41835',
27 silly registry.get     'accept-ranges': 'bytes',
27 silly registry.get     date: 'Thu, 21 May 2015 04:40:12 GMT',
27 silly registry.get     via: '1.1 varnish',
27 silly registry.get     age: '0',
27 silly registry.get     connection: 'keep-alive',
27 silly registry.get     'x-served-by': 'cache-nrt6124-NRT',
27 silly registry.get     'x-cache': 'HIT',
27 silly registry.get     'x-cache-hits': '1',
27 silly registry.get     'x-timer': 'S1432183212.763085,VS0,VE103',
27 silly registry.get     vary: 'Accept' } ]
28 silly addNameRange number 2 { name: 'n', range: '*', hasData: true }
29 silly addNameRange versions [ 'n',
29 silly addNameRange   [ '0.0.1',
29 silly addNameRange     '0.0.2',
29 silly addNameRange     '0.0.3',
29 silly addNameRange     '0.0.4',
29 silly addNameRange     '0.1.0',
29 silly addNameRange     '0.1.1',
29 silly addNameRange     '0.1.2',
29 silly addNameRange     '0.2.0',
29 silly addNameRange     '0.2.1',
29 silly addNameRange     '0.2.2',
29 silly addNameRange     '0.3.0',
29 silly addNameRange     '0.4.0',
29 silly addNameRange     '0.4.1',
29 silly addNameRange     '0.4.2',
29 silly addNameRange     '0.5.0',
29 silly addNameRange     '0.5.1',
29 silly addNameRange     '0.5.2',
29 silly addNameRange     '0.5.3',
29 silly addNameRange     '0.5.4',
29 silly addNameRange     '0.6.0',
29 silly addNameRange     '0.6.1',
29 silly addNameRange     '0.7.0',
29 silly addNameRange     '0.7.1',
29 silly addNameRange     '0.7.2',
29 silly addNameRange     '0.7.3',
29 silly addNameRange     '0.8.0',
29 silly addNameRange     '0.8.1',
29 silly addNameRange     '0.8.2',
29 silly addNameRange     '0.9.0',
29 silly addNameRange     '0.9.1',
29 silly addNameRange     '0.9.2',
29 silly addNameRange     '0.9.3',
29 silly addNameRange     '1.0.0',
29 silly addNameRange     '1.1.0',
29 silly addNameRange     '1.2.1',
29 silly addNameRange     '1.2.2',
29 silly addNameRange     '1.2.3',
29 silly addNameRange     '1.2.4',
29 silly addNameRange     '1.2.5',
29 silly addNameRange     '1.2.6',
29 silly addNameRange     '1.2.7',
29 silly addNameRange     '1.2.8',
29 silly addNameRange     '1.2.9',
29 silly addNameRange     '1.2.11',
29 silly addNameRange     '1.2.13',
29 silly addNameRange     '1.2.14',
29 silly addNameRange     '1.3.0' ] ]
30 verbose addNamed [ 'n', '1.3.0' ]
31 verbose addNamed [ '1.3.0', '1.3.0' ]
32 silly lockFile 3a747da7-n-1-3-0 n@1.3.0
33 verbose lock n@1.3.0 /home/calvinzheng/.npm/3a747da7-n-1-3-0.lock
34 silly lockFile fae205cc-registry-npmjs-org-n-n-1-3-0-tgz https://registry.npmjs.org/n/-/n-1.3.0.tgz
35 verbose lock https://registry.npmjs.org/n/-/n-1.3.0.tgz /home/calvinzheng/.npm/fae205cc-registry-npmjs-org-n-n-1-3-0-tgz.lock
36 verbose addRemoteTarball [ 'https://registry.npmjs.org/n/-/n-1.3.0.tgz',
36 verbose addRemoteTarball   '95afad80d2c73e89151efc0b4e6a8905cbb8ed2d' ]
37 info retry fetch attempt 1 at 12:40:13
38 verbose fetch to= /tmp/npm-13028-TizE8DnV/registry.npmjs.org/n/-/n-1.3.0.tgz
39 http GET https://registry.npmjs.org/n/-/n-1.3.0.tgz
40 http 200 https://registry.npmjs.org/n/-/n-1.3.0.tgz
41 silly lockFile fae205cc-registry-npmjs-org-n-n-1-3-0-tgz https://registry.npmjs.org/n/-/n-1.3.0.tgz
42 silly lockFile fae205cc-registry-npmjs-org-n-n-1-3-0-tgz https://registry.npmjs.org/n/-/n-1.3.0.tgz
43 silly lockFile 3a747da7-n-1-3-0 n@1.3.0
44 silly lockFile 3a747da7-n-1-3-0 n@1.3.0
45 silly lockFile 6b58d7dc-n n@
46 silly lockFile 6b58d7dc-n n@
47 silly resolved [ { name: 'n',
47 silly resolved     description: 'node version manager',
47 silly resolved     version: '1.3.0',
47 silly resolved     author: { name: 'TJ Holowaychuk', email: 'tj@vision-media.ca' },
47 silly resolved     homepage: 'https://github.com/tj/n',
47 silly resolved     bugs: { url: 'https://github.com/tj/n/issues' },
47 silly resolved     contributors: [ [Object] ],
47 silly resolved     keywords:
47 silly resolved      [ 'nvm',
47 silly resolved        'node',
47 silly resolved        'version',
47 silly resolved        'manager',
47 silly resolved        'switcher',
47 silly resolved        'node',
47 silly resolved        'binary',
47 silly resolved        'env' ],
47 silly resolved     bin: { n: './bin/n' },
47 silly resolved     repository: { type: 'git', url: 'git://github.com/tj/n.git' },
47 silly resolved     preferGlobal: true,
47 silly resolved     os: [ '!win32' ],
47 silly resolved     engines: { node: '*' },
47 silly resolved     license: 'MIT',
47 silly resolved     gitHead: 'ab194b3b1ca8539b2b1f9f9755d1401a667d0a95',
47 silly resolved     _id: 'n@1.3.0',
47 silly resolved     scripts: {},
47 silly resolved     _shasum: '95afad80d2c73e89151efc0b4e6a8905cbb8ed2d',
47 silly resolved     _from: 'n@',
47 silly resolved     _npmVersion: '1.4.28',
47 silly resolved     _npmUser: { name: 'tjwebb', email: 'me@traviswebb.com' },
47 silly resolved     maintainers: [ [Object], [Object], [Object] ],
47 silly resolved     dist:
47 silly resolved      { shasum: '95afad80d2c73e89151efc0b4e6a8905cbb8ed2d',
47 silly resolved        tarball: 'http://registry.npmjs.org/n/-/n-1.3.0.tgz' },
47 silly resolved     directories: {},
47 silly resolved     _resolved: 'https://registry.npmjs.org/n/-/n-1.3.0.tgz' } ]
48 info install n@1.3.0 into /usr/lib
49 info installOne n@1.3.0
50 verbose lib/node_modules/n unbuild
51 verbose tar unpack /home/calvinzheng/.npm/n/1.3.0/package.tgz
52 silly lockFile fbc6e631-tar-usr-lib-node-modules-n tar:///usr/lib/node_modules/n
53 verbose lock tar:///usr/lib/node_modules/n /home/calvinzheng/.npm/fbc6e631-tar-usr-lib-node-modules-n.lock
54 silly lockFile 164563f9-vinzheng-npm-n-1-3-0-package-tgz tar:///home/calvinzheng/.npm/n/1.3.0/package.tgz
55 verbose lock tar:///home/calvinzheng/.npm/n/1.3.0/package.tgz /home/calvinzheng/.npm/164563f9-vinzheng-npm-n-1-3-0-package-tgz.lock
56 silly gunzTarPerm modes [ '775', '664' ]
57 error Error: EACCES, mkdir '/usr/lib/node_modules/n'
57 error  { [Error: EACCES, mkdir '/usr/lib/node_modules/n']
57 error   errno: 3,
57 error   code: 'EACCES',
57 error   path: '/usr/lib/node_modules/n',
57 error   fstream_type: 'Directory',
57 error   fstream_path: '/usr/lib/node_modules/n',
57 error   fstream_class: 'DirWriter',
57 error   fstream_stack:
57 error    [ '/usr/lib/node_modules/npm/node_modules/fstream/lib/dir-writer.js:36:23',
57 error      '/usr/lib/node_modules/npm/node_modules/mkdirp/index.js:46:53',
57 error      'Object.oncomplete (fs.js:108:15)' ] }
58 error Please try running this command again as root/Administrator.
59 error System Linux 3.13.0-53-generic
60 error command "/usr/bin/node" "/usr/bin/npm" "install" "-g" "n"
61 error cwd /home/calvinzheng/projects/exo_sync_tool
62 error node -v v0.10.37
63 error npm -v 1.4.28
64 error path /usr/lib/node_modules/n
65 error fstream_path /usr/lib/node_modules/n
66 error fstream_type Directory
67 error fstream_class DirWriter
68 error code EACCES
69 error errno 3
70 error stack Error: EACCES, mkdir '/usr/lib/node_modules/n'
71 error fstream_stack /usr/lib/node_modules/npm/node_modules/fstream/lib/dir-writer.js:36:23
71 error fstream_stack /usr/lib/node_modules/npm/node_modules/mkdirp/index.js:46:53
71 error fstream_stack Object.oncomplete (fs.js:108:15)
72 verbose exit [ 3, true ]
